<?xml version="1.0" encoding="UTF-8"?>
<!-- Generated by org.testng.reporters.JUnitXMLReporter -->
<testsuite hostname="gipl-207" ignored="3" name="Test" tests="6" failures="1" timestamp="12 Mar 2021 13:17:36 GMT" time="36.752" errors="0">
  <testcase name="validatePopUP" time="0.639" classname="AdvanceSelenium.Homepage"/>
  <testcase name="open_login_page" time="0.63" classname="AdvanceSelenium.Login_Script"/>
  <testcase name="brokenLinks" time="7.13" classname="AdvanceSelenium.Homepage">
    <failure type="java.lang.AssertionError" message="The following asserts failed:
	The link with text Register is broken with code 403 expected [true] but found [false]">
      <![CDATA[java.lang.AssertionError: The following asserts failed:
The link with text Register is broken with code 403 expected [true] but found [false]
at AdvanceSelenium.Homepage.brokenLinks(Homepage.java:120)
... Removed 26 stack frames]]>
    </failure>
  </testcase> <!-- brokenLinks -->
  <testcase name="Blank_data" time="0.33" classname="AdvanceSelenium.Login_Script"/>
  <testcase name="Blank_password" time="2.367" classname="AdvanceSelenium.Login_Script"/>
  <testcase name="invalid_email" time="2.355" classname="AdvanceSelenium.Login_Script"/>
  <testcase name="loggingOutput" time="0.0" classname="AdvanceSelenium.Homepage">
    <ignored/>
  </testcase> <!-- loggingOutput -->
  <testcase name="validateHeaderLinks" time="0.0" classname="AdvanceSelenium.Homepage">
    <ignored/>
  </testcase> <!-- validateHeaderLinks -->
  <testcase name="getFromExcel" time="0.0" classname="AdvanceSelenium.Homepage">
    <ignored/>
  </testcase> <!-- getFromExcel -->
</testsuite> <!-- Test -->
